Arguments: 
  /home/luc/.nvm/versions/node/v16.9.1/bin/node /home/luc/.nvm/versions/node/v16.9.1/bin/yarn build

PATH: 
  /home/luc/.local/share/gem/ruby/3.0.0/bin:/home/luc/.yarn/bin:/home/luc/.local/share/gem/ruby/3.0.0/bin:/home/luc/.yarn/bin:/home/luc/.nvm/versions/node/v16.9.1/bin:/home/luc/.nix-profile/bin:/nix/var/nix/profiles/default/bin:/home/luc/.nix-profile/bin:/nix/var/nix/profiles/default/bin:/usr/local/sbin:/usr/local/bin:/usr/bin:/usr/lib/jvm/default/bin:/usr/bin/site_perl:/usr/bin/vendor_perl:/usr/bin/core_perl:/usr/lib/jvm/default/bin

Yarn version: 
  1.22.15

Node version: 
  16.9.1

Platform: 
  linux x64

Trace: 
  Invariant Violation: Script must exist
      at invariant (/home/luc/.nvm/versions/node/v16.9.1/lib/node_modules/yarn/lib/cli.js:2314:15)
      at /home/luc/.nvm/versions/node/v16.9.1/lib/node_modules/yarn/lib/cli.js:61539:11
      at Generator.next (<anonymous>)
      at step (/home/luc/.nvm/versions/node/v16.9.1/lib/node_modules/yarn/lib/cli.js:310:30)
      at /home/luc/.nvm/versions/node/v16.9.1/lib/node_modules/yarn/lib/cli.js:328:14
      at new Promise (<anonymous>)
      at new F (/home/luc/.nvm/versions/node/v16.9.1/lib/node_modules/yarn/lib/cli.js:5301:28)
      at /home/luc/.nvm/versions/node/v16.9.1/lib/node_modules/yarn/lib/cli.js:307:12
      at realRunCommand (/home/luc/.nvm/versions/node/v16.9.1/lib/node_modules/yarn/lib/cli.js:61624:23)
      at action.action (/home/luc/.nvm/versions/node/v16.9.1/lib/node_modules/yarn/lib/cli.js:61685:16)

npm manifest: 
  {
      "name": "web3",
      "version": "1.0.0",
      "main": "index.js",
      "repository": "git@github.com:lucemans/web3-auth-slides.git",
      "author": "Lucemans <luc@lucemans.nl>",
      "license": "GPL3",
      "private": true,
      "scripts": {
          "build": ""
      },
      "workspaces": [
          "web3-auth"
      ]
  }

yarn manifest: 
  No manifest

Lockfile: 
  # THIS IS AN AUTOGENERATED FILE. DO NOT EDIT THIS FILE DIRECTLY.
  # yarn lockfile v1
